<?xml version="1.0" encoding="UTF-8"?>
<!-- Generated by org.testng.reporters.JUnitXMLReporter -->
<testsuite hostname="DESKTOP-SR6CLN1" ignored="0" name="Default test" tests="4" failures="0" timestamp="15 Mar 2021 03:27:20 GMT" time="6.479" errors="0">
  <testcase name="test1" time="2.956" classname="OPW01.OpenWeatherMap.NewTs"/>
  <testcase name="PostRequest" time="0.889" classname="OPW01.OpenWeatherMap.NewTs"/>
  <testcase name="GetRequest" time="0.894" classname="OPW01.OpenWeatherMap.NewTs"/>
  <testcase name="DeleteRequest" time="0.964" classname="OPW01.OpenWeatherMap.NewTs"/>
</testsuite> <!-- Default test -->
